-------------------------------------------------------------------------------
Test set: AVLTree_ESTest
-------------------------------------------------------------------------------
Tests run: 36, Failures: 0, Errors: 1, Skipped: 0, Time elapsed: 0.71 sec <<< FAILURE!
test05(AVLTree_ESTest)  Time elapsed: 0.016 sec  <<< ERROR!
java.lang.StackOverflowError
	at org.evosuite.runtime.LoopCounter.checkLoop(LoopCounter.java:101)
	at AVLTree.delete(AVLTree.java:57)
	at AVLTree.delete(AVLTree.java:60)
	at AVLTree.delete(AVLTree.java:60)
	at AVLTree.delete(AVLTree.java:60)
	at AVLTree.delete(AVLTree.java:60)
	at AVLTree.delete(AVLTree.java:60)
	at AVLTree.delete(AVLTree.java:60)
	at AVLTree.delete(AVLTree.java:60)
	at AVLTree.delete(AVLTree.java:60)
	at AVLTree.delete(AVLTree.java:60)
	at AVLTree.delete(AVLTree.java:60)
	at AVLTree.delete(AVLTree.java:60)
	at AVLTree.delete(AVLTree.java:60)
	at AVLTree.delete(AVLTree.java:60)
	at AVLTree.delete(AVLTree.java:60)
	at AVLTree.delete(AVLTree.java:60)
	at AVLTree.delete(AVLTree.java:60)
	at AVLTree.delete(AVLTree.java:60)
	at AVLTree.delete(AVLTree.java:60)
	at AVLTree.delete(AVLTree.java:60)
	at AVLTree.delete(AVLTree.java:60)
	at AVLTree.delete(AVLTree.java:60)
	at AVLTree.delete(AVLTree.java:60)
	at AVLTree.delete(AVLTree.java:60)
	at AVLTree.delete(AVLTree.java:60)
	at AVLTree.delete(AVLTree.java:60)
	at AVLTree.delete(AVLTree.java:60)
	at AVLTree.delete(AVLTree.java:60)
	at AVLTree.delete(AVLTree.java:60)
	at AVLTree.delete(AVLTree.java:60)
	at AVLTree.delete(AVLTree.java:60)
	at AVLTree.delete(AVLTree.java:60)
	at AVLTree.delete(AVLTree.java:60)
	at AVLTree.delete(AVLTree.java:60)
	at AVLTree.delete(AVLTree.java:60)
	at AVLTree.delete(AVLTree.java:60)
	at AVLTree.delete(AVLTree.java:60)
	at AVLTree.delete(AVLTree.java:60)
	at AVLTree.delete(AVLTree.java:60)
	at AVLTree.delete(AVLTree.java:60)
	at AVLTree.delete(AVLTree.java:60)
	at AVLTree.delete(AVLTree.java:60)
	at AVLTree.delete(AVLTree.java:60)
	at AVLTree.delete(AVLTree.java:60)
	at AVLTree.delete(AVLTree.java:60)
	at AVLTree.delete(AVLTree.java:60)
	at AVLTree.delete(AVLTree.java:60)
	at AVLTree.delete(AVLTree.java:60)
	at AVLTree.delete(AVLTree.java:60)
	at AVLTree.delete(AVLTree.java:60)
	at AVLTree.delete(AVLTree.java:60)
	at AVLTree.delete(AVLTree.java:60)
	at AVLTree.delete(AVLTree.java:60)
	at AVLTree.delete(AVLTree.java:60)
	at AVLTree.delete(AVLTree.java:60)
	at AVLTree.delete(AVLTree.java:60)
	at AVLTree.delete(AVLTree.java:60)
	at AVLTree.delete(AVLTree.java:60)
	at AVLTree.delete(AVLTree.java:60)
	at AVLTree.delete(AVLTree.java:60)
	at AVLTree.delete(AVLTree.java:60)
	at AVLTree.delete(AVLTree.java:60)
	at AVLTree.delete(AVLTree.java:60)
	at AVLTree.delete(AVLTree.java:60)
	at AVLTree.delete(AVLTree.java:60)
	at AVLTree.delete(AVLTree.java:60)
	at AVLTree.delete(AVLTree.java:60)
	at AVLTree.delete(AVLTree.java:60)
	at AVLTree.delete(AVLTree.java:60)
	at AVLTree.delete(AVLTree.java:60)
	at AVLTree.delete(AVLTree.java:60)
	at AVLTree.delete(AVLTree.java:60)
	at AVLTree.delete(AVLTree.java:60)
	at AVLTree.delete(AVLTree.java:60)
	at AVLTree.delete(AVLTree.java:60)
	at AVLTree.delete(AVLTree.java:60)
	at AVLTree.delete(AVLTree.java:60)
	at AVLTree.delete(AVLTree.java:60)
	at AVLTree.delete(AVLTree.java:60)
	at AVLTree.delete(AVLTree.java:60)
	at AVLTree.delete(AVLTree.java:60)
	at AVLTree.delete(AVLTree.java:60)
	at AVLTree.delete(AVLTree.java:60)
	at AVLTree.delete(AVLTree.java:60)
	at AVLTree.delete(AVLTree.java:60)
	at AVLTree.delete(AVLTree.java:60)
	at AVLTree.delete(AVLTree.java:60)
	at AVLTree.delete(AVLTree.java:60)
	at AVLTree.delete(AVLTree.java:60)
	at AVLTree.delete(AVLTree.java:60)
	at AVLTree.delete(AVLTree.java:60)
	at AVLTree.delete(AVLTree.java:60)
	at AVLTree.delete(AVLTree.java:60)
	at AVLTree.delete(AVLTree.java:60)
	at AVLTree.delete(AVLTree.java:60)
	at AVLTree.delete(AVLTree.java:60)
	at AVLTree.delete(AVLTree.java:60)
	at AVLTree.delete(AVLTree.java:60)
	at AVLTree.delete(AVLTree.java:60)
	at AVLTree.delete(AVLTree.java:60)
	at AVLTree.delete(AVLTree.java:60)
	at AVLTree.delete(AVLTree.java:60)
	at AVLTree.delete(AVLTree.java:60)
	at AVLTree.delete(AVLTree.java:60)
	at AVLTree.delete(AVLTree.java:60)
	at AVLTree.delete(AVLTree.java:60)
	at AVLTree.delete(AVLTree.java:60)
	at AVLTree.delete(AVLTree.java:60)
	at AVLTree.delete(AVLTree.java:60)
	at AVLTree.delete(AVLTree.java:60)
	at AVLTree.delete(AVLTree.java:60)
	at AVLTree.delete(AVLTree.java:60)
	at AVLTree.delete(AVLTree.java:60)
	at AVLTree.delete(AVLTree.java:60)
	at AVLTree.delete(AVLTree.java:60)
	at AVLTree.delete(AVLTree.java:60)
	at AVLTree.delete(AVLTree.java:60)
	at AVLTree.delete(AVLTree.java:60)
	at AVLTree.delete(AVLTree.java:60)
	at AVLTree.delete(AVLTree.java:60)
	at AVLTree.delete(AVLTree.java:60)
	at AVLTree.delete(AVLTree.java:60)
	at AVLTree.delete(AVLTree.java:60)
	at AVLTree.delete(AVLTree.java:60)
	at AVLTree.delete(AVLTree.java:60)
	at AVLTree.delete(AVLTree.java:60)
	at AVLTree.delete(AVLTree.java:60)
	at AVLTree.delete(AVLTree.java:60)
	at AVLTree.delete(AVLTree.java:60)
	at AVLTree.delete(AVLTree.java:60)
	at AVLTree.delete(AVLTree.java:60)
	at AVLTree.delete(AVLTree.java:60)
	at AVLTree.delete(AVLTree.java:60)
	at AVLTree.delete(AVLTree.java:60)
	at AVLTree.delete(AVLTree.java:60)
	at AVLTree.delete(AVLTree.java:60)
	at AVLTree.delete(AVLTree.java:60)
	at AVLTree.delete(AVLTree.java:60)
	at AVLTree.delete(AVLTree.java:60)
	at AVLTree.delete(AVLTree.java:60)
	at AVLTree.delete(AVLTree.java:60)
	at AVLTree.delete(AVLTree.java:60)
	at AVLTree.delete(AVLTree.java:60)
	at AVLTree.delete(AVLTree.java:60)
	at AVLTree.delete(AVLTree.java:60)
	at AVLTree.delete(AVLTree.java:60)
	at AVLTree.delete(AVLTree.java:60)
	at AVLTree.delete(AVLTree.java:60)
	at AVLTree.delete(AVLTree.java:60)
	at AVLTree.delete(AVLTree.java:60)
	at AVLTree.delete(AVLTree.java:60)
	at AVLTree.delete(AVLTree.java:60)
	at AVLTree.delete(AVLTree.java:60)
	at AVLTree.delete(AVLTree.java:60)
	at AVLTree.delete(AVLTree.java:60)
	at AVLTree.delete(AVLTree.java:60)
	at AVLTree.delete(AVLTree.java:60)
	at AVLTree.delete(AVLTree.java:60)
	at AVLTree.delete(AVLTree.java:60)
	at AVLTree.delete(AVLTree.java:60)
	at AVLTree.delete(AVLTree.java:60)
	at AVLTree.delete(AVLTree.java:60)
	at AVLTree.delete(AVLTree.java:60)
	at AVLTree.delete(AVLTree.java:60)
	at AVLTree.delete(AVLTree.java:60)
	at AVLTree.delete(AVLTree.java:60)
	at AVLTree.delete(AVLTree.java:60)
	at AVLTree.delete(AVLTree.java:60)
	at AVLTree.delete(AVLTree.java:60)
	at AVLTree.delete(AVLTree.java:60)
	at AVLTree.delete(AVLTree.java:60)
	at AVLTree.delete(AVLTree.java:60)
	at AVLTree.delete(AVLTree.java:60)
	at AVLTree.delete(AVLTree.java:60)
	at AVLTree.delete(AVLTree.java:60)
	at AVLTree.delete(AVLTree.java:60)
	at AVLTree.delete(AVLTree.java:60)
	at AVLTree.delete(AVLTree.java:60)
	at AVLTree.delete(AVLTree.java:60)
	at AVLTree.delete(AVLTree.java:60)
	at AVLTree.delete(AVLTree.java:60)
	at AVLTree.delete(AVLTree.java:60)
	at AVLTree.delete(AVLTree.java:60)
	at AVLTree.delete(AVLTree.java:60)
	at AVLTree.delete(AVLTree.java:60)
	at AVLTree.delete(AVLTree.java:60)
	at AVLTree.delete(AVLTree.java:60)
	at AVLTree.delete(AVLTree.java:60)
	at AVLTree.delete(AVLTree.java:60)
	at AVLTree.delete(AVLTree.java:60)
	at AVLTree.delete(AVLTree.java:60)
	at AVLTree.delete(AVLTree.java:60)
	at AVLTree.delete(AVLTree.java:60)
	at AVLTree.delete(AVLTree.java:60)
	at AVLTree.delete(AVLTree.java:60)
	at AVLTree.delete(AVLTree.java:60)
	at AVLTree.delete(AVLTree.java:60)
	at AVLTree.delete(AVLTree.java:60)
	at AVLTree.delete(AVLTree.java:60)
	at AVLTree.delete(AVLTree.java:60)
	at AVLTree.delete(AVLTree.java:60)
	at AVLTree.delete(AVLTree.java:60)
	at AVLTree.delete(AVLTree.java:60)
	at AVLTree.delete(AVLTree.java:60)
	at AVLTree.delete(AVLTree.java:60)
	at AVLTree.delete(AVLTree.java:60)
	at AVLTree.delete(AVLTree.java:60)
	at AVLTree.delete(AVLTree.java:60)
	at AVLTree.delete(AVLTree.java:60)
	at AVLTree.delete(AVLTree.java:60)
	at AVLTree.delete(AVLTree.java:60)
	at AVLTree.delete(AVLTree.java:60)
	at AVLTree.delete(AVLTree.java:60)
	at AVLTree.delete(AVLTree.java:60)
	at AVLTree.delete(AVLTree.java:60)
	at AVLTree.delete(AVLTree.java:60)
	at AVLTree.delete(AVLTree.java:60)
	at AVLTree.delete(AVLTree.java:60)
	at AVLTree.delete(AVLTree.java:60)
	at AVLTree.delete(AVLTree.java:60)
	at AVLTree.delete(AVLTree.java:60)
	at AVLTree.delete(AVLTree.java:60)
	at AVLTree.delete(AVLTree.java:60)
	at AVLTree.delete(AVLTree.java:60)
	at AVLTree.delete(AVLTree.java:60)
	at AVLTree.delete(AVLTree.java:60)
	at AVLTree.delete(AVLTree.java:60)
	at AVLTree.delete(AVLTree.java:60)
	at AVLTree.delete(AVLTree.java:60)
	at AVLTree.delete(AVLTree.java:60)
	at AVLTree.delete(AVLTree.java:60)
	at AVLTree.delete(AVLTree.java:60)
	at AVLTree.delete(AVLTree.java:60)
	at AVLTree.delete(AVLTree.java:60)
	at AVLTree.delete(AVLTree.java:60)
	at AVLTree.delete(AVLTree.java:60)
	at AVLTree.delete(AVLTree.java:60)
	at AVLTree.delete(AVLTree.java:60)
	at AVLTree.delete(AVLTree.java:60)
	at AVLTree.delete(AVLTree.java:60)
	at AVLTree.delete(AVLTree.java:60)
	at AVLTree.delete(AVLTree.java:60)
	at AVLTree.delete(AVLTree.java:60)
	at AVLTree.delete(AVLTree.java:60)
	at AVLTree.delete(AVLTree.java:60)
	at AVLTree.delete(AVLTree.java:60)
	at AVLTree.delete(AVLTree.java:60)
	at AVLTree.delete(AVLTree.java:60)
	at AVLTree.delete(AVLTree.java:60)
	at AVLTree.delete(AVLTree.java:60)
	at AVLTree.delete(AVLTree.java:60)
	at AVLTree.delete(AVLTree.java:60)
	at AVLTree.delete(AVLTree.java:60)
	at AVLTree.delete(AVLTree.java:60)
	at AVLTree.delete(AVLTree.java:60)
	at AVLTree.delete(AVLTree.java:60)
	at AVLTree.delete(AVLTree.java:60)
	at AVLTree.delete(AVLTree.java:60)
	at AVLTree.delete(AVLTree.java:60)
	at AVLTree.delete(AVLTree.java:60)
	at AVLTree.delete(AVLTree.java:60)
	at AVLTree.delete(AVLTree.java:60)
	at AVLTree.delete(AVLTree.java:60)
	at AVLTree.delete(AVLTree.java:60)
	at AVLTree.delete(AVLTree.java:60)
	at AVLTree.delete(AVLTree.java:60)
	at AVLTree.delete(AVLTree.java:60)
	at AVLTree.delete(AVLTree.java:60)
	at AVLTree.delete(AVLTree.java:60)
	at AVLTree.delete(AVLTree.java:60)
	at AVLTree.delete(AVLTree.java:60)
	at AVLTree.delete(AVLTree.java:60)
	at AVLTree.delete(AVLTree.java:60)
	at AVLTree.delete(AVLTree.java:60)
	at AVLTree.delete(AVLTree.java:60)
	at AVLTree.delete(AVLTree.java:60)
	at AVLTree.delete(AVLTree.java:60)
	at AVLTree.delete(AVLTree.java:60)
	at AVLTree.delete(AVLTree.java:60)
	at AVLTree.delete(AVLTree.java:60)
	at AVLTree.delete(AVLTree.java:60)
	at AVLTree.delete(AVLTree.java:60)
	at AVLTree.delete(AVLTree.java:60)
	at AVLTree.delete(AVLTree.java:60)
	at AVLTree.delete(AVLTree.java:60)
	at AVLTree.delete(AVLTree.java:60)
	at AVLTree.delete(AVLTree.java:60)
	at AVLTree.delete(AVLTree.java:60)
	at AVLTree.delete(AVLTree.java:60)
	at AVLTree.delete(AVLTree.java:60)
	at AVLTree.delete(AVLTree.java:60)
	at AVLTree.delete(AVLTree.java:60)
	at AVLTree.delete(AVLTree.java:60)
	at AVLTree.delete(AVLTree.java:60)
	at AVLTree.delete(AVLTree.java:60)
	at AVLTree.delete(AVLTree.java:60)
	at AVLTree.delete(AVLTree.java:60)
	at AVLTree.delete(AVLTree.java:60)
	at AVLTree.delete(AVLTree.java:60)
	at AVLTree.delete(AVLTree.java:60)
	at AVLTree.delete(AVLTree.java:60)
	at AVLTree.delete(AVLTree.java:60)
	at AVLTree.delete(AVLTree.java:60)
	at AVLTree.delete(AVLTree.java:60)
	at AVLTree.delete(AVLTree.java:60)
	at AVLTree.delete(AVLTree.java:60)
	at AVLTree.delete(AVLTree.java:60)
	at AVLTree.delete(AVLTree.java:60)
	at AVLTree.delete(AVLTree.java:60)
	at AVLTree.delete(AVLTree.java:60)
	at AVLTree.delete(AVLTree.java:60)
	at AVLTree.delete(AVLTree.java:60)
	at AVLTree.delete(AVLTree.java:60)
	at AVLTree.delete(AVLTree.java:60)
	at AVLTree.delete(AVLTree.java:60)
	at AVLTree.delete(AVLTree.java:60)
	at AVLTree.delete(AVLTree.java:60)
	at AVLTree.delete(AVLTree.java:60)
	at AVLTree.delete(AVLTree.java:60)
	at AVLTree.delete(AVLTree.java:60)
	at AVLTree.delete(AVLTree.java:60)
	at AVLTree.delete(AVLTree.java:60)
	at AVLTree.delete(AVLTree.java:60)
	at AVLTree.delete(AVLTree.java:60)
	at AVLTree.delete(AVLTree.java:60)
	at AVLTree.delete(AVLTree.java:60)
	at AVLTree.delete(AVLTree.java:60)
	at AVLTree.delete(AVLTree.java:60)
	at AVLTree.delete(AVLTree.java:60)
	at AVLTree.delete(AVLTree.java:60)
	at AVLTree.delete(AVLTree.java:60)
	at AVLTree.delete(AVLTree.java:60)
	at AVLTree.delete(AVLTree.java:60)
	at AVLTree.delete(AVLTree.java:60)
	at AVLTree.delete(AVLTree.java:60)
	at AVLTree.delete(AVLTree.java:60)
	at AVLTree.delete(AVLTree.java:60)
	at AVLTree.delete(AVLTree.java:60)
	at AVLTree.delete(AVLTree.java:60)
	at AVLTree.delete(AVLTree.java:60)
	at AVLTree.delete(AVLTree.java:60)
	at AVLTree.delete(AVLTree.java:60)
	at AVLTree.delete(AVLTree.java:60)
	at AVLTree.delete(AVLTree.java:60)
	at AVLTree.delete(AVLTree.java:60)
	at AVLTree.delete(AVLTree.java:60)
	at AVLTree.delete(AVLTree.java:60)
	at AVLTree.delete(AVLTree.java:60)
	at AVLTree.delete(AVLTree.java:60)
	at AVLTree.delete(AVLTree.java:60)
	at AVLTree.delete(AVLTree.java:60)
	at AVLTree.delete(AVLTree.java:60)
	at AVLTree.delete(AVLTree.java:60)
	at AVLTree.delete(AVLTree.java:60)
	at AVLTree.delete(AVLTree.java:60)
	at AVLTree.delete(AVLTree.java:60)
	at AVLTree.delete(AVLTree.java:60)
	at AVLTree.delete(AVLTree.java:60)
	at AVLTree.delete(AVLTree.java:60)
	at AVLTree.delete(AVLTree.java:60)
	at AVLTree.delete(AVLTree.java:60)
	at AVLTree.delete(AVLTree.java:60)
	at AVLTree.delete(AVLTree.java:60)
	at AVLTree.delete(AVLTree.java:60)
	at AVLTree.delete(AVLTree.java:60)
	at AVLTree.delete(AVLTree.java:60)
	at AVLTree.delete(AVLTree.java:60)
	at AVLTree.delete(AVLTree.java:60)
	at AVLTree.delete(AVLTree.java:60)
	at AVLTree.delete(AVLTree.java:60)
	at AVLTree.delete(AVLTree.java:60)
	at AVLTree.delete(AVLTree.java:60)
	at AVLTree.delete(AVLTree.java:60)
	at AVLTree.delete(AVLTree.java:60)
	at AVLTree.delete(AVLTree.java:60)
	at AVLTree.delete(AVLTree.java:60)
	at AVLTree.delete(AVLTree.java:60)
	at AVLTree.delete(AVLTree.java:60)
	at AVLTree.delete(AVLTree.java:60)
	at AVLTree.delete(AVLTree.java:60)
	at AVLTree.delete(AVLTree.java:60)
	at AVLTree.delete(AVLTree.java:60)
	at AVLTree.delete(AVLTree.java:60)
	at AVLTree.delete(AVLTree.java:60)
	at AVLTree.delete(AVLTree.java:60)
	at AVLTree.delete(AVLTree.java:60)
	at AVLTree.delete(AVLTree.java:60)
	at AVLTree.delete(AVLTree.java:60)
	at AVLTree.delete(AVLTree.java:60)
	at AVLTree.delete(AVLTree.java:60)
	at AVLTree.delete(AVLTree.java:60)
	at AVLTree.delete(AVLTree.java:60)
	at AVLTree.delete(AVLTree.java:60)
	at AVLTree.delete(AVLTree.java:60)
	at AVLTree.delete(AVLTree.java:60)
	at AVLTree.delete(AVLTree.java:60)
	at AVLTree.delete(AVLTree.java:60)
	at AVLTree.delete(AVLTree.java:60)
	at AVLTree.delete(AVLTree.java:60)
	at AVLTree.delete(AVLTree.java:60)
	at AVLTree.delete(AVLTree.java:60)
	at AVLTree.delete(AVLTree.java:60)
	at AVLTree.delete(AVLTree.java:60)
	at AVLTree.delete(AVLTree.java:60)
	at AVLTree.delete(AVLTree.java:60)
	at AVLTree.delete(AVLTree.java:60)
	at AVLTree.delete(AVLTree.java:60)
	at AVLTree.delete(AVLTree.java:60)
	at AVLTree.delete(AVLTree.java:60)
	at AVLTree.delete(AVLTree.java:60)
	at AVLTree.delete(AVLTree.java:60)
	at AVLTree.delete(AVLTree.java:60)
	at AVLTree.delete(AVLTree.java:60)
	at AVLTree.delete(AVLTree.java:60)
	at AVLTree.delete(AVLTree.java:60)
	at AVLTree.delete(AVLTree.java:60)
	at AVLTree.delete(AVLTree.java:60)
	at AVLTree.delete(AVLTree.java:60)
	at AVLTree.delete(AVLTree.java:60)
	at AVLTree.delete(AVLTree.java:60)
	at AVLTree.delete(AVLTree.java:60)
	at AVLTree.delete(AVLTree.java:60)
	at AVLTree.delete(AVLTree.java:60)
	at AVLTree.delete(AVLTree.java:60)
	at AVLTree.delete(AVLTree.java:60)
	at AVLTree.delete(AVLTree.java:60)
	at AVLTree.delete(AVLTree.java:60)
	at AVLTree.delete(AVLTree.java:60)
	at AVLTree.delete(AVLTree.java:60)
	at AVLTree.delete(AVLTree.java:60)
	at AVLTree.delete(AVLTree.java:60)
	at AVLTree.delete(AVLTree.java:60)
	at AVLTree.delete(AVLTree.java:60)
	at AVLTree.delete(AVLTree.java:60)
	at AVLTree.delete(AVLTree.java:60)
	at AVLTree.delete(AVLTree.java:60)
	at AVLTree.delete(AVLTree.java:60)
	at AVLTree.delete(AVLTree.java:60)
	at AVLTree.delete(AVLTree.java:60)
	at AVLTree.delete(AVLTree.java:60)
	at AVLTree.delete(AVLTree.java:60)
	at AVLTree.delete(AVLTree.java:60)
	at AVLTree.delete(AVLTree.java:60)
	at AVLTree.delete(AVLTree.java:60)
	at AVLTree.delete(AVLTree.java:60)
	at AVLTree.delete(AVLTree.java:60)
	at AVLTree.delete(AVLTree.java:60)
	at AVLTree.delete(AVLTree.java:60)
	at AVLTree.delete(AVLTree.java:60)
	at AVLTree.delete(AVLTree.java:60)
	at AVLTree.delete(AVLTree.java:60)
	at AVLTree.delete(AVLTree.java:60)
	at AVLTree.delete(AVLTree.java:60)
	at AVLTree.delete(AVLTree.java:60)
	at AVLTree.delete(AVLTree.java:60)
	at AVLTree.delete(AVLTree.java:60)
	at AVLTree.delete(AVLTree.java:60)
	at AVLTree.delete(AVLTree.java:60)
	at AVLTree.delete(AVLTree.java:60)
	at AVLTree.delete(AVLTree.java:60)
	at AVLTree.delete(AVLTree.java:60)
	at AVLTree.delete(AVLTree.java:60)
	at AVLTree.delete(AVLTree.java:60)
	at AVLTree.delete(AVLTree.java:60)
	at AVLTree.delete(AVLTree.java:60)
	at AVLTree.delete(AVLTree.java:60)
	at AVLTree.delete(AVLTree.java:60)
	at AVLTree.delete(AVLTree.java:60)
	at AVLTree.delete(AVLTree.java:60)
	at AVLTree.delete(AVLTree.java:60)
	at AVLTree.delete(AVLTree.java:60)
	at AVLTree.delete(AVLTree.java:60)
	at AVLTree.delete(AVLTree.java:60)
	at AVLTree.delete(AVLTree.java:60)
	at AVLTree.delete(AVLTree.java:60)
	at AVLTree.delete(AVLTree.java:60)
	at AVLTree.delete(AVLTree.java:60)
	at AVLTree.delete(AVLTree.java:60)
	at AVLTree.delete(AVLTree.java:60)
	at AVLTree.delete(AVLTree.java:60)
	at AVLTree.delete(AVLTree.java:60)
	at AVLTree.delete(AVLTree.java:60)
	at AVLTree.delete(AVLTree.java:60)
	at AVLTree.delete(AVLTree.java:60)
	at AVLTree.delete(AVLTree.java:60)
	at AVLTree.delete(AVLTree.java:60)
	at AVLTree.delete(AVLTree.java:60)
	at AVLTree.delete(AVLTree.java:60)
	at AVLTree.delete(AVLTree.java:60)
	at AVLTree.delete(AVLTree.java:60)
	at AVLTree.delete(AVLTree.java:60)
	at AVLTree.delete(AVLTree.java:60)
	at AVLTree.delete(AVLTree.java:60)
	at AVLTree.delete(AVLTree.java:60)
	at AVLTree.delete(AVLTree.java:60)
	at AVLTree.delete(AVLTree.java:60)
	at AVLTree.delete(AVLTree.java:60)
	at AVLTree.delete(AVLTree.java:60)
	at AVLTree.delete(AVLTree.java:60)
	at AVLTree.delete(AVLTree.java:60)
	at AVLTree.delete(AVLTree.java:60)
	at AVLTree.delete(AVLTree.java:60)
	at AVLTree.delete(AVLTree.java:60)
	at AVLTree.delete(AVLTree.java:60)
	at AVLTree.delete(AVLTree.java:60)
	at AVLTree.delete(AVLTree.java:60)
	at AVLTree.delete(AVLTree.java:60)
	at AVLTree.delete(AVLTree.java:60)
	at AVLTree.delete(AVLTree.java:60)
	at AVLTree.delete(AVLTree.java:60)
	at AVLTree.delete(AVLTree.java:60)
	at AVLTree.delete(AVLTree.java:60)
	at AVLTree.delete(AVLTree.java:60)
	at AVLTree.delete(AVLTree.java:60)
	at AVLTree.delete(AVLTree.java:60)
	at AVLTree.delete(AVLTree.java:60)
	at AVLTree.delete(AVLTree.java:60)
	at AVLTree.delete(AVLTree.java:60)
	at AVLTree.delete(AVLTree.java:60)
	at AVLTree.delete(AVLTree.java:60)
	at AVLTree.delete(AVLTree.java:60)
	at AVLTree.delete(AVLTree.java:60)
	at AVLTree.delete(AVLTree.java:60)
	at AVLTree.delete(AVLTree.java:60)
	at AVLTree.delete(AVLTree.java:60)
	at AVLTree.delete(AVLTree.java:60)
	at AVLTree.delete(AVLTree.java:60)
	at AVLTree.delete(AVLTree.java:60)
	at AVLTree.delete(AVLTree.java:60)
	at AVLTree.delete(AVLTree.java:60)
	at AVLTree.delete(AVLTree.java:60)
	at AVLTree.delete(AVLTree.java:60)
	at AVLTree.delete(AVLTree.java:60)
	at AVLTree.delete(AVLTree.java:60)
	at AVLTree.delete(AVLTree.java:60)
	at AVLTree.delete(AVLTree.java:60)
	at AVLTree.delete(AVLTree.java:60)
	at AVLTree.delete(AVLTree.java:60)
	at AVLTree.delete(AVLTree.java:60)
	at AVLTree.delete(AVLTree.java:60)
	at AVLTree.delete(AVLTree.java:60)
	at AVLTree.delete(AVLTree.java:60)
	at AVLTree.delete(AVLTree.java:60)
	at AVLTree.delete(AVLTree.java:60)
	at AVLTree.delete(AVLTree.java:60)
	at AVLTree.delete(AVLTree.java:60)
	at AVLTree.delete(AVLTree.java:60)
	at AVLTree.delete(AVLTree.java:60)
	at AVLTree.delete(AVLTree.java:60)
	at AVLTree.delete(AVLTree.java:60)
	at AVLTree.delete(AVLTree.java:60)
	at AVLTree.delete(AVLTree.java:60)
	at AVLTree.delete(AVLTree.java:60)
	at AVLTree.delete(AVLTree.java:60)
	at AVLTree.delete(AVLTree.java:60)
	at AVLTree.delete(AVLTree.java:60)
	at AVLTree.delete(AVLTree.java:60)
	at AVLTree.delete(AVLTree.java:60)
	at AVLTree.delete(AVLTree.java:60)
	at AVLTree.delete(AVLTree.java:60)
	at AVLTree.delete(AVLTree.java:60)
	at AVLTree.delete(AVLTree.java:60)
	at AVLTree.delete(AVLTree.java:60)
	at AVLTree.delete(AVLTree.java:60)
	at AVLTree.delete(AVLTree.java:60)
	at AVLTree.delete(AVLTree.java:60)
	at AVLTree.delete(AVLTree.java:60)
	at AVLTree.delete(AVLTree.java:60)
	at AVLTree.delete(AVLTree.java:60)
	at AVLTree.delete(AVLTree.java:60)
	at AVLTree.delete(AVLTree.java:60)
	at AVLTree.delete(AVLTree.java:60)
	at AVLTree.delete(AVLTree.java:60)
	at AVLTree.delete(AVLTree.java:60)
	at AVLTree.delete(AVLTree.java:60)
	at AVLTree.delete(AVLTree.java:60)
	at AVLTree.delete(AVLTree.java:60)
	at AVLTree.delete(AVLTree.java:60)
	at AVLTree.delete(AVLTree.java:60)
	at AVLTree.delete(AVLTree.java:60)
	at AVLTree.delete(AVLTree.java:60)
	at AVLTree.delete(AVLTree.java:60)
	at AVLTree.delete(AVLTree.java:60)
	at AVLTree.delete(AVLTree.java:60)
	at AVLTree.delete(AVLTree.java:60)
	at AVLTree.delete(AVLTree.java:60)
	at AVLTree.delete(AVLTree.java:60)
	at AVLTree.delete(AVLTree.java:60)
	at AVLTree.delete(AVLTree.java:60)
	at AVLTree.delete(AVLTree.java:60)
	at AVLTree.delete(AVLTree.java:60)
	at AVLTree.delete(AVLTree.java:60)
	at AVLTree.delete(AVLTree.java:60)
	at AVLTree.delete(AVLTree.java:60)
	at AVLTree.delete(AVLTree.java:60)
	at AVLTree.delete(AVLTree.java:60)
	at AVLTree.delete(AVLTree.java:60)
	at AVLTree.delete(AVLTree.java:60)
	at AVLTree.delete(AVLTree.java:60)
	at AVLTree.delete(AVLTree.java:60)
	at AVLTree.delete(AVLTree.java:60)
	at AVLTree.delete(AVLTree.java:60)
	at AVLTree.delete(AVLTree.java:60)
	at AVLTree.delete(AVLTree.java:60)
	at AVLTree.delete(AVLTree.java:60)
	at AVLTree.delete(AVLTree.java:60)
	at AVLTree.delete(AVLTree.java:60)
	at AVLTree.delete(AVLTree.java:60)
	at AVLTree.delete(AVLTree.java:60)
	at AVLTree.delete(AVLTree.java:60)
	at AVLTree.delete(AVLTree.java:60)
	at AVLTree.delete(AVLTree.java:60)
	at AVLTree.delete(AVLTree.java:60)
	at AVLTree.delete(AVLTree.java:60)
	at AVLTree.delete(AVLTree.java:60)
	at AVLTree.delete(AVLTree.java:60)
	at AVLTree.delete(AVLTree.java:60)
	at AVLTree.delete(AVLTree.java:60)
	at AVLTree.delete(AVLTree.java:60)
	at AVLTree.delete(AVLTree.java:60)
	at AVLTree.delete(AVLTree.java:60)
	at AVLTree.delete(AVLTree.java:60)
	at AVLTree.delete(AVLTree.java:60)
	at AVLTree.delete(AVLTree.java:60)
	at AVLTree.delete(AVLTree.java:60)
	at AVLTree.delete(AVLTree.java:60)
	at AVLTree.delete(AVLTree.java:60)
	at AVLTree.delete(AVLTree.java:60)
	at AVLTree.delete(AVLTree.java:60)
	at AVLTree.delete(AVLTree.java:60)
	at AVLTree.delete(AVLTree.java:60)
	at AVLTree.delete(AVLTree.java:60)
	at AVLTree.delete(AVLTree.java:60)
	at AVLTree.delete(AVLTree.java:60)
	at AVLTree.delete(AVLTree.java:60)
	at AVLTree.delete(AVLTree.java:60)
	at AVLTree.delete(AVLTree.java:60)
	at AVLTree.delete(AVLTree.java:60)
	at AVLTree.delete(AVLTree.java:60)
	at AVLTree.delete(AVLTree.java:60)
	at AVLTree.delete(AVLTree.java:60)
	at AVLTree.delete(AVLTree.java:60)
	at AVLTree.delete(AVLTree.java:60)
	at AVLTree.delete(AVLTree.java:60)
	at AVLTree.delete(AVLTree.java:60)
	at AVLTree.delete(AVLTree.java:60)
	at AVLTree.delete(AVLTree.java:60)
	at AVLTree.delete(AVLTree.java:60)
	at AVLTree.delete(AVLTree.java:60)
	at AVLTree.delete(AVLTree.java:60)
	at AVLTree.delete(AVLTree.java:60)
	at AVLTree.delete(AVLTree.java:60)
	at AVLTree.delete(AVLTree.java:60)
	at AVLTree.delete(AVLTree.java:60)
	at AVLTree.delete(AVLTree.java:60)
	at AVLTree.delete(AVLTree.java:60)
	at AVLTree.delete(AVLTree.java:60)
	at AVLTree.delete(AVLTree.java:60)
	at AVLTree.delete(AVLTree.java:60)
	at AVLTree.delete(AVLTree.java:60)
	at AVLTree.delete(AVLTree.java:60)
	at AVLTree.delete(AVLTree.java:60)
	at AVLTree.delete(AVLTree.java:60)
	at AVLTree.delete(AVLTree.java:60)
	at AVLTree.delete(AVLTree.java:60)
	at AVLTree.delete(AVLTree.java:60)
	at AVLTree.delete(AVLTree.java:60)
	at AVLTree.delete(AVLTree.java:60)
	at AVLTree.delete(AVLTree.java:60)
	at AVLTree.delete(AVLTree.java:60)
	at AVLTree.delete(AVLTree.java:60)
	at AVLTree.delete(AVLTree.java:60)
	at AVLTree.delete(AVLTree.java:60)
	at AVLTree.delete(AVLTree.java:60)
	at AVLTree.delete(AVLTree.java:60)
	at AVLTree.delete(AVLTree.java:60)
	at AVLTree.delete(AVLTree.java:60)
	at AVLTree.delete(AVLTree.java:60)
	at AVLTree.delete(AVLTree.java:60)
	at AVLTree.delete(AVLTree.java:60)
	at AVLTree.delete(AVLTree.java:60)
	at AVLTree.delete(AVLTree.java:60)
	at AVLTree.delete(AVLTree.java:60)
	at AVLTree.delete(AVLTree.java:60)
	at AVLTree.delete(AVLTree.java:60)
	at AVLTree.delete(AVLTree.java:60)
	at AVLTree.delete(AVLTree.java:60)
	at AVLTree.delete(AVLTree.java:60)
	at AVLTree.delete(AVLTree.java:60)
	at AVLTree.delete(AVLTree.java:60)
	at AVLTree.delete(AVLTree.java:60)
	at AVLTree.delete(AVLTree.java:60)
	at AVLTree.delete(AVLTree.java:60)
	at AVLTree.delete(AVLTree.java:60)
	at AVLTree.delete(AVLTree.java:60)
	at AVLTree.delete(AVLTree.java:60)
	at AVLTree.delete(AVLTree.java:60)
	at AVLTree.delete(AVLTree.java:60)
	at AVLTree.delete(AVLTree.java:60)
	at AVLTree.delete(AVLTree.java:60)
	at AVLTree.delete(AVLTree.java:60)
	at AVLTree.delete(AVLTree.java:60)
	at AVLTree.delete(AVLTree.java:60)
	at AVLTree.delete(AVLTree.java:60)
	at AVLTree.delete(AVLTree.java:60)
	at AVLTree.delete(AVLTree.java:60)
	at AVLTree.delete(AVLTree.java:60)
	at AVLTree.delete(AVLTree.java:60)
	at AVLTree.delete(AVLTree.java:60)
	at AVLTree.delete(AVLTree.java:60)
	at AVLTree.delete(AVLTree.java:60)
	at AVLTree.delete(AVLTree.java:60)
	at AVLTree.delete(AVLTree.java:60)
	at AVLTree.delete(AVLTree.java:60)
	at AVLTree.delete(AVLTree.java:60)
	at AVLTree.delete(AVLTree.java:60)
	at AVLTree.delete(AVLTree.java:60)
	at AVLTree.delete(AVLTree.java:60)
	at AVLTree.delete(AVLTree.java:60)
	at AVLTree.delete(AVLTree.java:60)
	at AVLTree.delete(AVLTree.java:60)
	at AVLTree.delete(AVLTree.java:60)
	at AVLTree.delete(AVLTree.java:60)
	at AVLTree.delete(AVLTree.java:60)
	at AVLTree.delete(AVLTree.java:60)
	at AVLTree.delete(AVLTree.java:60)
	at AVLTree.delete(AVLTree.java:60)
	at AVLTree.delete(AVLTree.java:60)
	at AVLTree.delete(AVLTree.java:60)
	at AVLTree.delete(AVLTree.java:60)
	at AVLTree.delete(AVLTree.java:60)
	at AVLTree.delete(AVLTree.java:60)
	at AVLTree.delete(AVLTree.java:60)
	at AVLTree.delete(AVLTree.java:60)
	at AVLTree.delete(AVLTree.java:60)
	at AVLTree.delete(AVLTree.java:60)
	at AVLTree.delete(AVLTree.java:60)
	at AVLTree.delete(AVLTree.java:60)
	at AVLTree.delete(AVLTree.java:60)
	at AVLTree.delete(AVLTree.java:60)
	at AVLTree.delete(AVLTree.java:60)
	at AVLTree.delete(AVLTree.java:60)
	at AVLTree.delete(AVLTree.java:60)
	at AVLTree.delete(AVLTree.java:60)
	at AVLTree.delete(AVLTree.java:60)
	at AVLTree.delete(AVLTree.java:60)
	at AVLTree.delete(AVLTree.java:60)
	at AVLTree.delete(AVLTree.java:60)
	at AVLTree.delete(AVLTree.java:60)
	at AVLTree.delete(AVLTree.java:60)
	at AVLTree.delete(AVLTree.java:60)
	at AVLTree.delete(AVLTree.java:60)
	at AVLTree.delete(AVLTree.java:60)
	at AVLTree.delete(AVLTree.java:60)
	at AVLTree.delete(AVLTree.java:60)
	at AVLTree.delete(AVLTree.java:60)
	at AVLTree.delete(AVLTree.java:60)
	at AVLTree.delete(AVLTree.java:60)
	at AVLTree.delete(AVLTree.java:60)
	at AVLTree.delete(AVLTree.java:60)
	at AVLTree.delete(AVLTree.java:60)
	at AVLTree.delete(AVLTree.java:60)
	at AVLTree.delete(AVLTree.java:60)
	at AVLTree.delete(AVLTree.java:60)
	at AVLTree.delete(AVLTree.java:60)
	at AVLTree.delete(AVLTree.java:60)
	at AVLTree.delete(AVLTree.java:60)
	at AVLTree.delete(AVLTree.java:60)
	at AVLTree.delete(AVLTree.java:60)
	at AVLTree.delete(AVLTree.java:60)
	at AVLTree.delete(AVLTree.java:60)
	at AVLTree.delete(AVLTree.java:60)
	at AVLTree.delete(AVLTree.java:60)
	at AVLTree.delete(AVLTree.java:60)
	at AVLTree.delete(AVLTree.java:60)
	at AVLTree.delete(AVLTree.java:60)
	at AVLTree.delete(AVLTree.java:60)
	at AVLTree.delete(AVLTree.java:60)
	at AVLTree.delete(AVLTree.java:60)
	at AVLTree.delete(AVLTree.java:60)
	at AVLTree.delete(AVLTree.java:60)
	at AVLTree.delete(AVLTree.java:60)
	at AVLTree.delete(AVLTree.java:60)
	at AVLTree.delete(AVLTree.java:60)
	at AVLTree.delete(AVLTree.java:60)
	at AVLTree.delete(AVLTree.java:60)
	at AVLTree.delete(AVLTree.java:60)
	at AVLTree.delete(AVLTree.java:60)
	at AVLTree.delete(AVLTree.java:60)
	at AVLTree.delete(AVLTree.java:60)
	at AVLTree.delete(AVLTree.java:60)
	at AVLTree.delete(AVLTree.java:60)
	at AVLTree.delete(AVLTree.java:60)
	at AVLTree.delete(AVLTree.java:60)
	at AVLTree.delete(AVLTree.java:60)
	at AVLTree.delete(AVLTree.java:60)
	at AVLTree.delete(AVLTree.java:60)
	at AVLTree.delete(AVLTree.java:60)
	at AVLTree.delete(AVLTree.java:60)
	at AVLTree.delete(AVLTree.java:60)
	at AVLTree.delete(AVLTree.java:60)
	at AVLTree.delete(AVLTree.java:60)
	at AVLTree.delete(AVLTree.java:60)
	at AVLTree.delete(AVLTree.java:60)
	at AVLTree.delete(AVLTree.java:60)
	at AVLTree.delete(AVLTree.java:60)
	at AVLTree.delete(AVLTree.java:60)
	at AVLTree.delete(AVLTree.java:60)
	at AVLTree.delete(AVLTree.java:60)
	at AVLTree.delete(AVLTree.java:60)
	at AVLTree.delete(AVLTree.java:60)
	at AVLTree.delete(AVLTree.java:60)
	at AVLTree.delete(AVLTree.java:60)
	at AVLTree.delete(AVLTree.java:60)
	at AVLTree.delete(AVLTree.java:60)
	at AVLTree.delete(AVLTree.java:60)
	at AVLTree.delete(AVLTree.java:60)
	at AVLTree.delete(AVLTree.java:60)
	at AVLTree.delete(AVLTree.java:60)
	at AVLTree.delete(AVLTree.java:60)
	at AVLTree.delete(AVLTree.java:60)
	at AVLTree.delete(AVLTree.java:60)
	at AVLTree.delete(AVLTree.java:60)
	at AVLTree.delete(AVLTree.java:60)
	at AVLTree.delete(AVLTree.java:60)
	at AVLTree.delete(AVLTree.java:60)
	at AVLTree.delete(AVLTree.java:60)
	at AVLTree.delete(AVLTree.java:60)
	at AVLTree.delete(AVLTree.java:60)
	at AVLTree.delete(AVLTree.java:60)
	at AVLTree.delete(AVLTree.java:60)
	at AVLTree.delete(AVLTree.java:60)
	at AVLTree.delete(AVLTree.java:60)
	at AVLTree.delete(AVLTree.java:60)
	at AVLTree.delete(AVLTree.java:60)
	at AVLTree.delete(AVLTree.java:60)
	at AVLTree.delete(AVLTree.java:60)
	at AVLTree.delete(AVLTree.java:60)
	at AVLTree.delete(AVLTree.java:60)
	at AVLTree.delete(AVLTree.java:60)
	at AVLTree.delete(AVLTree.java:60)
	at AVLTree.delete(AVLTree.java:60)
	at AVLTree.delete(AVLTree.java:60)
	at AVLTree.delete(AVLTree.java:60)
	at AVLTree.delete(AVLTree.java:60)
	at AVLTree.delete(AVLTree.java:60)
	at AVLTree.delete(AVLTree.java:60)
	at AVLTree.delete(AVLTree.java:60)
	at AVLTree.delete(AVLTree.java:60)
	at AVLTree.delete(AVLTree.java:60)
	at AVLTree.delete(AVLTree.java:60)
	at AVLTree.delete(AVLTree.java:60)
	at AVLTree.delete(AVLTree.java:60)
	at AVLTree.delete(AVLTree.java:60)
	at AVLTree.delete(AVLTree.java:60)
	at AVLTree.delete(AVLTree.java:60)
	at AVLTree.delete(AVLTree.java:60)
	at AVLTree.delete(AVLTree.java:60)
	at AVLTree.delete(AVLTree.java:60)
	at AVLTree.delete(AVLTree.java:60)
	at AVLTree.delete(AVLTree.java:60)
	at AVLTree.delete(AVLTree.java:60)
	at AVLTree.delete(AVLTree.java:60)
	at AVLTree.delete(AVLTree.java:60)
	at AVLTree.delete(AVLTree.java:60)
	at AVLTree.delete(AVLTree.java:60)
	at AVLTree.delete(AVLTree.java:60)
	at AVLTree.delete(AVLTree.java:60)
	at AVLTree.delete(AVLTree.java:60)
	at AVLTree.delete(AVLTree.java:60)
	at AVLTree.delete(AVLTree.java:60)
	at AVLTree.delete(AVLTree.java:60)
	at AVLTree.delete(AVLTree.java:60)
	at AVLTree.delete(AVLTree.java:60)
	at AVLTree.delete(AVLTree.java:60)
	at AVLTree.delete(AVLTree.java:60)
	at AVLTree.delete(AVLTree.java:60)
	at AVLTree.delete(AVLTree.java:60)
	at AVLTree.delete(AVLTree.java:60)
	at AVLTree.delete(AVLTree.java:60)
	at AVLTree.delete(AVLTree.java:60)
	at AVLTree.delete(AVLTree.java:60)
	at AVLTree.delete(AVLTree.java:60)
	at AVLTree.delete(AVLTree.java:60)
	at AVLTree.delete(AVLTree.java:60)
	at AVLTree.delete(AVLTree.java:60)
	at AVLTree.delete(AVLTree.java:60)
	at AVLTree.delete(AVLTree.java:60)
	at AVLTree.delete(AVLTree.java:60)
	at AVLTree.delete(AVLTree.java:60)
	at AVLTree.delete(AVLTree.java:60)
	at AVLTree.delete(AVLTree.java:60)
	at AVLTree.delete(AVLTree.java:60)
	at AVLTree.delete(AVLTree.java:60)
	at AVLTree.delete(AVLTree.java:60)
	at AVLTree.delete(AVLTree.java:60)
	at AVLTree.delete(AVLTree.java:60)
	at AVLTree.delete(AVLTree.java:60)
	at AVLTree.delete(AVLTree.java:60)
	at AVLTree.delete(AVLTree.java:60)
	at AVLTree.delete(AVLTree.java:60)
	at AVLTree.delete(AVLTree.java:60)
	at AVLTree.delete(AVLTree.java:60)
	at AVLTree.delete(AVLTree.java:60)
	at AVLTree.delete(AVLTree.java:60)
	at AVLTree.delete(AVLTree.java:60)
	at AVLTree.delete(AVLTree.java:60)
	at AVLTree.delete(AVLTree.java:60)
	at AVLTree.delete(AVLTree.java:60)
	at AVLTree.delete(AVLTree.java:60)
	at AVLTree.delete(AVLTree.java:60)
	at AVLTree.delete(AVLTree.java:60)
	at AVLTree.delete(AVLTree.java:60)
	at AVLTree.delete(AVLTree.java:60)
	at AVLTree.delete(AVLTree.java:60)
	at AVLTree.delete(AVLTree.java:60)
	at AVLTree.delete(AVLTree.java:60)
	at AVLTree.delete(AVLTree.java:60)
	at AVLTree.delete(AVLTree.java:60)
	at AVLTree.delete(AVLTree.java:60)
	at AVLTree.delete(AVLTree.java:60)
	at AVLTree.delete(AVLTree.java:60)
	at AVLTree.delete(AVLTree.java:60)
	at AVLTree.delete(AVLTree.java:60)
	at AVLTree.delete(AVLTree.java:60)
	at AVLTree.delete(AVLTree.java:60)
	at AVLTree.delete(AVLTree.java:60)
	at AVLTree.delete(AVLTree.java:60)
	at AVLTree.delete(AVLTree.java:60)
	at AVLTree.delete(AVLTree.java:60)
	at AVLTree.delete(AVLTree.java:60)
	at AVLTree.delete(AVLTree.java:60)
	at AVLTree.delete(AVLTree.java:60)
	at AVLTree.delete(AVLTree.java:60)
	at AVLTree.delete(AVLTree.java:60)
	at AVLTree.delete(AVLTree.java:60)
	at AVLTree.delete(AVLTree.java:60)
	at AVLTree.delete(AVLTree.java:60)
	at AVLTree.delete(AVLTree.java:60)
	at AVLTree.delete(AVLTree.java:60)
	at AVLTree.delete(AVLTree.java:60)
	at AVLTree.delete(AVLTree.java:60)
	at AVLTree.delete(AVLTree.java:60)
	at AVLTree.delete(AVLTree.java:60)
	at AVLTree.delete(AVLTree.java:60)
	at AVLTree.delete(AVLTree.java:60)
	at AVLTree.delete(AVLTree.java:60)
	at AVLTree.delete(AVLTree.java:60)
	at AVLTree.delete(AVLTree.java:60)
	at AVLTree.delete(AVLTree.java:60)
	at AVLTree.delete(AVLTree.java:60)
	at AVLTree.delete(AVLTree.java:60)
	at AVLTree.delete(AVLTree.java:60)
	at AVLTree.delete(AVLTree.java:60)
	at AVLTree.delete(AVLTree.java:60)
	at AVLTree.delete(AVLTree.java:60)
	at AVLTree.delete(AVLTree.java:60)
	at AVLTree.delete(AVLTree.java:60)
	at AVLTree.delete(AVLTree.java:60)
	at AVLTree.delete(AVLTree.java:60)
	at AVLTree.delete(AVLTree.java:60)
	at AVLTree.delete(AVLTree.java:60)
	at AVLTree.delete(AVLTree.java:60)
	at AVLTree.delete(AVLTree.java:60)
	at AVLTree.delete(AVLTree.java:60)
	at AVLTree.delete(AVLTree.java:60)
	at AVLTree.delete(AVLTree.java:60)
	at AVLTree.delete(AVLTree.java:60)
	at AVLTree.delete(AVLTree.java:60)
	at AVLTree.delete(AVLTree.java:60)
	at AVLTree.delete(AVLTree.java:60)
	at AVLTree.delete(AVLTree.java:60)
	at AVLTree.delete(AVLTree.java:60)
	at AVLTree.delete(AVLTree.java:60)
	at AVLTree.delete(AVLTree.java:60)
	at AVLTree.delete(AVLTree.java:60)
	at AVLTree.delete(AVLTree.java:60)
	at AVLTree.delete(AVLTree.java:60)
	at AVLTree.delete(AVLTree.java:60)
	at AVLTree.delete(AVLTree.java:60)
	at AVLTree.delete(AVLTree.java:60)
	at AVLTree.delete(AVLTree.java:60)
	at AVLTree.delete(AVLTree.java:60)
	at AVLTree.delete(AVLTree.java:60)
	at AVLTree.delete(AVLTree.java:60)
	at AVLTree.delete(AVLTree.java:60)
	at AVLTree.delete(AVLTree.java:60)
	at AVLTree.delete(AVLTree.java:60)
	at AVLTree.delete(AVLTree.java:60)
	at AVLTree.delete(AVLTree.java:60)
	at AVLTree.delete(AVLTree.java:60)
	at AVLTree.delete(AVLTree.java:60)
	at AVLTree.delete(AVLTree.java:60)
	at AVLTree.delete(AVLTree.java:60)
	at AVLTree.delete(AVLTree.java:60)
	at AVLTree.delete(AVLTree.java:60)
	at AVLTree.delete(AVLTree.java:60)
	at AVLTree.delete(AVLTree.java:60)
	at AVLTree.delete(AVLTree.java:60)
	at AVLTree.delete(AVLTree.java:60)
	at AVLTree.delete(AVLTree.java:60)
	at AVLTree.delete(AVLTree.java:60)
	at AVLTree.delete(AVLTree.java:60)
	at AVLTree.delete(AVLTree.java:60)
	at AVLTree.delete(AVLTree.java:60)
	at AVLTree.delete(AVLTree.java:60)
	at AVLTree.delete(AVLTree.java:60)
	at AVLTree.delete(AVLTree.java:60)
	at AVLTree.delete(AVLTree.java:60)
	at AVLTree.delete(AVLTree.java:60)
	at AVLTree.delete(AVLTree.java:60)
	at AVLTree.delete(AVLTree.java:60)
	at AVLTree.delete(AVLTree.java:60)
	at AVLTree.delete(AVLTree.java:60)
	at AVLTree.delete(AVLTree.java:60)
	at AVLTree.delete(AVLTree.java:60)
	at AVLTree.delete(AVLTree.java:60)
	at AVLTree.delete(AVLTree.java:60)
	at AVLTree.delete(AVLTree.java:60)
	at AVLTree.delete(AVLTree.java:60)
	at AVLTree.delete(AVLTree.java:60)
	at AVLTree.delete(AVLTree.java:60)
	at AVLTree.delete(AVLTree.java:60)

